  Gra.cpp
d:\users\michal\documents\github\pk4\projekttd\projekttd\wczytywaniemapy.h(34): warning C4244: 'argument': conversion from 'int' to 'float', possible loss of data
d:\users\michal\documents\github\pk4\projekttd\projekttd\wczytywaniemapy.h(186): warning C4018: '>': signed/unsigned mismatch
d:\users\michal\documents\github\pk4\projekttd\projekttd\uklady.h(40): warning C4244: 'argument': conversion from 'int' to 'float', possible loss of data
d:\users\michal\documents\github\pk4\projekttd\projekttd\obiektyaktywne.h(21): warning C4244: 'argument': conversion from 'int' to 'float', possible loss of data
d:\users\michal\documents\github\pk4\projekttd\projekttd\obiektyaktywne.h(44): warning C4244: 'argument': conversion from 'int' to 'float', possible loss of data
d:\users\michal\documents\github\pk4\projekttd\projekttd\obiektyaktywne.h(268): warning C4018: '<': signed/unsigned mismatch
d:\users\michal\documents\github\pk4\projekttd\projekttd\obiektyaktywne.h(286): warning C4018: '<': signed/unsigned mismatch
d:\users\michal\documents\github\pk4\projekttd\projekttd\obiektyaktywne.h(308): warning C4018: '<': signed/unsigned mismatch
d:\users\michal\documents\github\pk4\projekttd\projekttd\obiektyaktywne.h(316): warning C4018: '<': signed/unsigned mismatch
d:\users\michal\documents\github\pk4\projekttd\projekttd\obiektyaktywne.h(331): warning C4018: '<': signed/unsigned mismatch
d:\users\michal\documents\github\pk4\projekttd\projekttd\obiektyaktywne.h(436): warning C4018: '<': signed/unsigned mismatch
d:\users\michal\documents\github\pk4\projekttd\projekttd\obiektyaktywne.h(448): warning C4018: '<': signed/unsigned mismatch
d:\users\michal\documents\github\pk4\projekttd\projekttd\obiektyaktywne.h(453): warning C4018: '<': signed/unsigned mismatch
d:\users\michal\documents\github\pk4\projekttd\projekttd\obiektyaktywne.h(459): warning C4018: '<': signed/unsigned mismatch
d:\users\michal\documents\github\pk4\projekttd\projekttd\obiektyaktywne.h(478): warning C4018: '<': signed/unsigned mismatch
d:\users\michal\documents\github\pk4\projekttd\projekttd\obiektyaktywne.h(483): warning C4018: '<': signed/unsigned mismatch
d:\users\michal\documents\github\pk4\projekttd\projekttd\sklep.h(107): warning C4018: '<': signed/unsigned mismatch
d:\users\michal\documents\github\pk4\projekttd\projekttd\sklep.h(112): warning C4018: '<': signed/unsigned mismatch
  ProjektTD.vcxproj -> D:\Users\Michal\Documents\GitHub\PK4\ProjektTD\Debug\ProjektTD.exe
